Flow report for de0-video-card
Thu Apr 18 16:10:03 2013
Quartus II 64-Bit Version 12.1 Build 243 01/31/2013 Service Pack 1 SJ Web Edition


---------------------
; Table of Contents ;
---------------------
  1. Legal Notice
  2. Flow Summary
  3. Flow Settings
  4. Flow Non-Default Global Settings
  5. Flow Elapsed Time
  6. Flow OS Summary
  7. Flow Log



----------------
; Legal Notice ;
----------------
Copyright (C) 1991-2012 Altera Corporation
Your use of Altera Corporation's design tools, logic functions 
and other software and tools, and its AMPP partner logic 
functions, and any output files from any of the foregoing 
(including device programming or simulation files), and any 
associated documentation or information are expressly subject 
to the terms and conditions of the Altera Program License 
Subscription Agreement, Altera MegaCore Function License 
Agreement, or other applicable license agreement, including, 
without limitation, that your use is for the sole purpose of 
programming logic devices manufactured by Altera and sold by 
Altera or its authorized distributors.  Please refer to the 
applicable agreement for further details.



+------------------------------------------------------------------------------------+
; Flow Summary                                                                       ;
+------------------------------------+-----------------------------------------------+
; Flow Status                        ; Successful - Thu Apr 18 16:10:03 2013         ;
; Quartus II 64-Bit Version          ; 12.1 Build 243 01/31/2013 SP 1 SJ Web Edition ;
; Revision Name                      ; de0-video-card                                ;
; Top-level Entity Name              ; Top                                           ;
; Family                             ; Cyclone IV E                                  ;
; Device                             ; EP4CE22F17C6                                  ;
; Timing Models                      ; Final                                         ;
; Total logic elements               ; 99 / 22,320 ( < 1 % )                         ;
;     Total combinational functions  ; 97 / 22,320 ( < 1 % )                         ;
;     Dedicated logic registers      ; 40 / 22,320 ( < 1 % )                         ;
; Total registers                    ; 40                                            ;
; Total pins                         ; 7 / 154 ( 5 % )                               ;
; Total virtual pins                 ; 0                                             ;
; Total memory bits                  ; 0 / 608,256 ( 0 % )                           ;
; Embedded Multiplier 9-bit elements ; 0 / 132 ( 0 % )                               ;
; Total PLLs                         ; 0 / 4 ( 0 % )                                 ;
+------------------------------------+-----------------------------------------------+


+-----------------------------------------+
; Flow Settings                           ;
+-------------------+---------------------+
; Option            ; Setting             ;
+-------------------+---------------------+
; Start date & time ; 04/18/2013 16:08:42 ;
; Main task         ; Compilation         ;
; Revision Name     ; de0-video-card      ;
+-------------------+---------------------+


+-----------------------------------------------------------------------------------------------------------------------------+
; Flow Non-Default Global Settings                                                                                            ;
+-------------------------------------+---------------------------------------+----------------+-------------+----------------+
; Assignment Name                     ; Value                                 ; Default Value  ; Entity Name ; Section Id     ;
+-------------------------------------+---------------------------------------+----------------+-------------+----------------+
; COMPILER_SIGNATURE_ID               ; 24392875939997.136632652204164        ; --             ; --          ; --             ;
; EDA_OUTPUT_DATA_FORMAT              ; Verilog Hdl                           ; --             ; --          ; eda_simulation ;
; EDA_SIMULATION_TOOL                 ; ModelSim (Verilog)                    ; <None>         ; --          ; --             ;
; EDA_TIME_SCALE                      ; 1 us                                  ; --             ; --          ; eda_simulation ;
; MAX_CORE_JUNCTION_TEMP              ; 85                                    ; --             ; --          ; --             ;
; MIN_CORE_JUNCTION_TEMP              ; 0                                     ; --             ; --          ; --             ;
; OUTPUT_IO_TIMING_FAR_END_VMEAS      ; Half Signal Swing                     ; --             ; --          ; --             ;
; OUTPUT_IO_TIMING_FAR_END_VMEAS      ; Half Signal Swing                     ; --             ; --          ; --             ;
; OUTPUT_IO_TIMING_NEAR_END_VMEAS     ; Half Vccio                            ; --             ; --          ; --             ;
; OUTPUT_IO_TIMING_NEAR_END_VMEAS     ; Half Vccio                            ; --             ; --          ; --             ;
; PARTITION_COLOR                     ; 16764057                              ; --             ; Top         ; Top            ;
; PARTITION_FITTER_PRESERVATION_LEVEL ; PLACEMENT_AND_ROUTING                 ; --             ; Top         ; Top            ;
; PARTITION_NETLIST_TYPE              ; SOURCE                                ; --             ; Top         ; Top            ;
; POWER_BOARD_THERMAL_MODEL           ; None (CONSERVATIVE)                   ; --             ; --          ; --             ;
; POWER_PRESET_COOLING_SOLUTION       ; 23 MM HEAT SINK WITH 200 LFPM AIRFLOW ; --             ; --          ; --             ;
; PROJECT_OUTPUT_DIRECTORY            ; output_files                          ; --             ; --          ; --             ;
; TOP_LEVEL_ENTITY                    ; Top                                   ; de0-video-card ; --          ; --             ;
+-------------------------------------+---------------------------------------+----------------+-------------+----------------+


+-------------------------------------------------------------------------------------------------------------------------------+
; Flow Elapsed Time                                                                                                             ;
+---------------------------+--------------+-------------------------+---------------------+------------------------------------+
; Module Name               ; Elapsed Time ; Average Processors Used ; Peak Virtual Memory ; Total CPU Time (on all processors) ;
+---------------------------+--------------+-------------------------+---------------------+------------------------------------+
; Analysis & Synthesis      ; 00:00:08     ; 1.0                     ; 443 MB              ; 00:00:08                           ;
; Fitter                    ; 00:00:38     ; 1.0                     ; 641 MB              ; 00:00:38                           ;
; Assembler                 ; 00:00:08     ; 1.0                     ; 406 MB              ; 00:00:08                           ;
; TimeQuest Timing Analyzer ; 00:00:12     ; 1.0                     ; 454 MB              ; 00:00:11                           ;
; EDA Netlist Writer        ; 00:00:04     ; 1.0                     ; 374 MB              ; 00:00:04                           ;
; Total                     ; 00:01:10     ; --                      ; --                  ; 00:01:09                           ;
+---------------------------+--------------+-------------------------+---------------------+------------------------------------+


+----------------------------------------------------------------------------------------+
; Flow OS Summary                                                                        ;
+---------------------------+------------------+-----------+------------+----------------+
; Module Name               ; Machine Hostname ; OS Name   ; OS Version ; Processor type ;
+---------------------------+------------------+-----------+------------+----------------+
; Analysis & Synthesis      ; BladeSystem      ; Windows 7 ; 6.2        ; x86_64         ;
; Fitter                    ; BladeSystem      ; Windows 7 ; 6.2        ; x86_64         ;
; Assembler                 ; BladeSystem      ; Windows 7 ; 6.2        ; x86_64         ;
; TimeQuest Timing Analyzer ; BladeSystem      ; Windows 7 ; 6.2        ; x86_64         ;
; EDA Netlist Writer        ; BladeSystem      ; Windows 7 ; 6.2        ; x86_64         ;
+---------------------------+------------------+-----------+------------+----------------+


------------
; Flow Log ;
------------
quartus_map --read_settings_files=on --write_settings_files=off de0-video-card -c de0-video-card
quartus_fit --read_settings_files=off --write_settings_files=off de0-video-card -c de0-video-card
quartus_asm --read_settings_files=off --write_settings_files=off de0-video-card -c de0-video-card
quartus_sta de0-video-card -c de0-video-card
quartus_eda --read_settings_files=off --write_settings_files=off de0-video-card -c de0-video-card



