Analysis & Synthesis report for de0-video-card
Wed May 15 15:40:16 2013
Quartus II 32-bit Version 12.1 Build 243 01/31/2013 Service Pack 1 SJ Web Edition


---------------------
; Table of Contents ;
---------------------
  1. Legal Notice
  2. Analysis & Synthesis Summary
  3. Analysis & Synthesis Settings
  4. Parallel Compilation
  5. Analysis & Synthesis Source Files Read
  6. Analysis & Synthesis Resource Usage Summary
  7. Analysis & Synthesis Resource Utilization by Entity
  8. Analysis & Synthesis RAM Summary
  9. Registers Removed During Synthesis
 10. Removed Registers Triggering Further Register Optimizations
 11. General Register Statistics
 12. Registers Packed Into Inferred Megafunctions
 13. Multiplexer Restructuring Statistics (Restructuring Performed)
 14. Source assignments for FontRom:FNT_H|altsyncram:Mux0_rtl_0|altsyncram_5i01:auto_generated
 15. Parameter Settings for User Entity Instance: FontRom:FNT_H
 16. Parameter Settings for User Entity Instance: FontRom:FNT_E
 17. Parameter Settings for User Entity Instance: FontRom:FNT_L
 18. Parameter Settings for Inferred Entity Instance: FontRom:FNT_H|altsyncram:Mux0_rtl_0
 19. altsyncram Parameter Settings by Entity Instance
 20. Port Connectivity Checks: "FontRom:FNT_L"
 21. Port Connectivity Checks: "FontRom:FNT_E"
 22. Port Connectivity Checks: "FontRom:FNT_H"
 23. Port Connectivity Checks: "Controller:CNTRL"
 24. Elapsed Time Per Partition
 25. Analysis & Synthesis Messages
 26. Analysis & Synthesis Suppressed Messages



----------------
; Legal Notice ;
----------------
Copyright (C) 1991-2012 Altera Corporation
Your use of Altera Corporation's design tools, logic functions 
and other software and tools, and its AMPP partner logic 
functions, and any output files from any of the foregoing 
(including device programming or simulation files), and any 
associated documentation or information are expressly subject 
to the terms and conditions of the Altera Program License 
Subscription Agreement, Altera MegaCore Function License 
Agreement, or other applicable license agreement, including, 
without limitation, that your use is for the sole purpose of 
programming logic devices manufactured by Altera and sold by 
Altera or its authorized distributors.  Please refer to the 
applicable agreement for further details.



+------------------------------------------------------------------------------------+
; Analysis & Synthesis Summary                                                       ;
+------------------------------------+-----------------------------------------------+
; Analysis & Synthesis Status        ; Successful - Wed May 15 15:40:15 2013         ;
; Quartus II 32-bit Version          ; 12.1 Build 243 01/31/2013 SP 1 SJ Web Edition ;
; Revision Name                      ; de0-video-card                                ;
; Top-level Entity Name              ; Top                                           ;
; Family                             ; Cyclone IV E                                  ;
; Total logic elements               ; 169                                           ;
;     Total combinational functions  ; 140                                           ;
;     Dedicated logic registers      ; 87                                            ;
; Total registers                    ; 87                                            ;
; Total pins                         ; 7                                             ;
; Total virtual pins                 ; 0                                             ;
; Total memory bits                  ; 3,840                                         ;
; Embedded Multiplier 9-bit elements ; 0                                             ;
; Total PLLs                         ; 0                                             ;
+------------------------------------+-----------------------------------------------+


+----------------------------------------------------------------------------------------------------------------------+
; Analysis & Synthesis Settings                                                                                        ;
+----------------------------------------------------------------------------+--------------------+--------------------+
; Option                                                                     ; Setting            ; Default Value      ;
+----------------------------------------------------------------------------+--------------------+--------------------+
; Device                                                                     ; EP4CE22F17C6       ;                    ;
; Top-level entity name                                                      ; Top                ; de0-video-card     ;
; Family name                                                                ; Cyclone IV E       ; Cyclone IV GX      ;
; Use smart compilation                                                      ; Off                ; Off                ;
; Enable parallel Assembler and TimeQuest Timing Analyzer during compilation ; On                 ; On                 ;
; Enable compact report table                                                ; Off                ; Off                ;
; Restructure Multiplexers                                                   ; Auto               ; Auto               ;
; Create Debugging Nodes for IP Cores                                        ; Off                ; Off                ;
; Preserve fewer node names                                                  ; On                 ; On                 ;
; Disable OpenCore Plus hardware evaluation                                  ; Off                ; Off                ;
; Verilog Version                                                            ; Verilog_2001       ; Verilog_2001       ;
; VHDL Version                                                               ; VHDL_1993          ; VHDL_1993          ;
; State Machine Processing                                                   ; Auto               ; Auto               ;
; Safe State Machine                                                         ; Off                ; Off                ;
; Extract Verilog State Machines                                             ; On                 ; On                 ;
; Extract VHDL State Machines                                                ; On                 ; On                 ;
; Ignore Verilog initial constructs                                          ; Off                ; Off                ;
; Iteration limit for constant Verilog loops                                 ; 5000               ; 5000               ;
; Iteration limit for non-constant Verilog loops                             ; 250                ; 250                ;
; Add Pass-Through Logic to Inferred RAMs                                    ; On                 ; On                 ;
; Infer RAMs from Raw Logic                                                  ; On                 ; On                 ;
; Parallel Synthesis                                                         ; On                 ; On                 ;
; DSP Block Balancing                                                        ; Auto               ; Auto               ;
; NOT Gate Push-Back                                                         ; On                 ; On                 ;
; Power-Up Don't Care                                                        ; On                 ; On                 ;
; Remove Redundant Logic Cells                                               ; Off                ; Off                ;
; Remove Duplicate Registers                                                 ; On                 ; On                 ;
; Ignore CARRY Buffers                                                       ; Off                ; Off                ;
; Ignore CASCADE Buffers                                                     ; Off                ; Off                ;
; Ignore GLOBAL Buffers                                                      ; Off                ; Off                ;
; Ignore ROW GLOBAL Buffers                                                  ; Off                ; Off                ;
; Ignore LCELL Buffers                                                       ; Off                ; Off                ;
; Ignore SOFT Buffers                                                        ; On                 ; On                 ;
; Limit AHDL Integers to 32 Bits                                             ; Off                ; Off                ;
; Optimization Technique                                                     ; Balanced           ; Balanced           ;
; Carry Chain Length                                                         ; 70                 ; 70                 ;
; Auto Carry Chains                                                          ; On                 ; On                 ;
; Auto Open-Drain Pins                                                       ; On                 ; On                 ;
; Perform WYSIWYG Primitive Resynthesis                                      ; Off                ; Off                ;
; Auto ROM Replacement                                                       ; On                 ; On                 ;
; Auto RAM Replacement                                                       ; On                 ; On                 ;
; Auto DSP Block Replacement                                                 ; On                 ; On                 ;
; Auto Shift Register Replacement                                            ; Auto               ; Auto               ;
; Allow Shift Register Merging across Hierarchies                            ; Auto               ; Auto               ;
; Auto Clock Enable Replacement                                              ; On                 ; On                 ;
; Strict RAM Replacement                                                     ; Off                ; Off                ;
; Allow Synchronous Control Signals                                          ; On                 ; On                 ;
; Force Use of Synchronous Clear Signals                                     ; Off                ; Off                ;
; Auto RAM Block Balancing                                                   ; On                 ; On                 ;
; Auto RAM to Logic Cell Conversion                                          ; Off                ; Off                ;
; Auto Resource Sharing                                                      ; Off                ; Off                ;
; Allow Any RAM Size For Recognition                                         ; Off                ; Off                ;
; Allow Any ROM Size For Recognition                                         ; Off                ; Off                ;
; Allow Any Shift Register Size For Recognition                              ; Off                ; Off                ;
; Use LogicLock Constraints during Resource Balancing                        ; On                 ; On                 ;
; Ignore translate_off and synthesis_off directives                          ; Off                ; Off                ;
; Timing-Driven Synthesis                                                    ; On                 ; On                 ;
; Report Parameter Settings                                                  ; On                 ; On                 ;
; Report Source Assignments                                                  ; On                 ; On                 ;
; Report Connectivity Checks                                                 ; On                 ; On                 ;
; Ignore Maximum Fan-Out Assignments                                         ; Off                ; Off                ;
; Synchronization Register Chain Length                                      ; 2                  ; 2                  ;
; PowerPlay Power Optimization                                               ; Normal compilation ; Normal compilation ;
; HDL message level                                                          ; Level2             ; Level2             ;
; Suppress Register Optimization Related Messages                            ; Off                ; Off                ;
; Number of Removed Registers Reported in Synthesis Report                   ; 5000               ; 5000               ;
; Number of Swept Nodes Reported in Synthesis Report                         ; 5000               ; 5000               ;
; Number of Inverted Registers Reported in Synthesis Report                  ; 100                ; 100                ;
; Clock MUX Protection                                                       ; On                 ; On                 ;
; Auto Gated Clock Conversion                                                ; Off                ; Off                ;
; Block Design Naming                                                        ; Auto               ; Auto               ;
; SDC constraint protection                                                  ; Off                ; Off                ;
; Synthesis Effort                                                           ; Auto               ; Auto               ;
; Shift Register Replacement - Allow Asynchronous Clear Signal               ; On                 ; On                 ;
; Pre-Mapping Resynthesis Optimization                                       ; Off                ; Off                ;
; Analysis & Synthesis Message Level                                         ; Medium             ; Medium             ;
; Disable Register Merging Across Hierarchies                                ; Auto               ; Auto               ;
; Resource Aware Inference For Block RAM                                     ; On                 ; On                 ;
; Synthesis Seed                                                             ; 1                  ; 1                  ;
+----------------------------------------------------------------------------+--------------------+--------------------+


Parallel compilation was disabled, but you have multiple processors available. Enable parallel compilation to reduce compilation time.
+-------------------------------------+
; Parallel Compilation                ;
+----------------------------+--------+
; Processors                 ; Number ;
+----------------------------+--------+
; Number detected on machine ; 4      ;
; Maximum allowed            ; 1      ;
+----------------------------+--------+


+-----------------------------------------------------------------------------------------------------------------------------------------------------------------------------------------------------------------------+
; Analysis & Synthesis Source Files Read                                                                                                                                                                                ;
+----------------------------------+-----------------+-------------------------------------------------------+------------------------------------------------------------------------------------------------+---------+
; File Name with User-Entered Path ; Used in Netlist ; File Type                                             ; File Name with Absolute Path                                                                   ; Library ;
+----------------------------------+-----------------+-------------------------------------------------------+------------------------------------------------------------------------------------------------+---------+
; Top.v                            ; yes             ; User Verilog HDL File                                 ; C:/Users/OctalByte/Documents/GitHub/eece444-video-card/de0-nano/Top.v                          ;         ;
; Controller.v                     ; yes             ; User Verilog HDL File                                 ; C:/Users/OctalByte/Documents/GitHub/eece444-video-card/de0-nano/Controller.v                   ;         ;
; FontRom.v                        ; yes             ; User Verilog HDL File                                 ; C:/Users/OctalByte/Documents/GitHub/eece444-video-card/de0-nano/FontRom.v                      ;         ;
; LineBuffer.v                     ; yes             ; User Verilog HDL File                                 ; C:/Users/OctalByte/Documents/GitHub/eece444-video-card/de0-nano/LineBuffer.v                   ;         ;
; altsyncram.tdf                   ; yes             ; Megafunction                                          ; c:/altera/12.1sp1/quartus/libraries/megafunctions/altsyncram.tdf                               ;         ;
; stratix_ram_block.inc            ; yes             ; Megafunction                                          ; c:/altera/12.1sp1/quartus/libraries/megafunctions/stratix_ram_block.inc                        ;         ;
; lpm_mux.inc                      ; yes             ; Megafunction                                          ; c:/altera/12.1sp1/quartus/libraries/megafunctions/lpm_mux.inc                                  ;         ;
; lpm_decode.inc                   ; yes             ; Megafunction                                          ; c:/altera/12.1sp1/quartus/libraries/megafunctions/lpm_decode.inc                               ;         ;
; aglobal121.inc                   ; yes             ; Megafunction                                          ; c:/altera/12.1sp1/quartus/libraries/megafunctions/aglobal121.inc                               ;         ;
; a_rdenreg.inc                    ; yes             ; Megafunction                                          ; c:/altera/12.1sp1/quartus/libraries/megafunctions/a_rdenreg.inc                                ;         ;
; altrom.inc                       ; yes             ; Megafunction                                          ; c:/altera/12.1sp1/quartus/libraries/megafunctions/altrom.inc                                   ;         ;
; altram.inc                       ; yes             ; Megafunction                                          ; c:/altera/12.1sp1/quartus/libraries/megafunctions/altram.inc                                   ;         ;
; altdpram.inc                     ; yes             ; Megafunction                                          ; c:/altera/12.1sp1/quartus/libraries/megafunctions/altdpram.inc                                 ;         ;
; db/altsyncram_5i01.tdf           ; yes             ; Auto-Generated Megafunction                           ; C:/Users/OctalByte/Documents/GitHub/eece444-video-card/de0-nano/db/altsyncram_5i01.tdf         ;         ;
; de0-video-card.Top0.rtl.mif      ; yes             ; Auto-Generated Auto-Found Memory Initialization File  ; C:/Users/OctalByte/Documents/GitHub/eece444-video-card/de0-nano/db/de0-video-card.Top0.rtl.mif ;         ;
+----------------------------------+-----------------+-------------------------------------------------------+------------------------------------------------------------------------------------------------+---------+


+-----------------------------------------------------+
; Analysis & Synthesis Resource Usage Summary         ;
+---------------------------------------------+-------+
; Resource                                    ; Usage ;
+---------------------------------------------+-------+
; Estimated Total logic elements              ; 169   ;
;                                             ;       ;
; Total combinational functions               ; 140   ;
; Logic element usage by number of LUT inputs ;       ;
;     -- 4 input functions                    ; 86    ;
;     -- 3 input functions                    ; 13    ;
;     -- <=2 input functions                  ; 41    ;
;                                             ;       ;
; Logic elements by mode                      ;       ;
;     -- normal mode                          ; 110   ;
;     -- arithmetic mode                      ; 30    ;
;                                             ;       ;
; Total registers                             ; 87    ;
;     -- Dedicated logic registers            ; 87    ;
;     -- I/O registers                        ; 0     ;
;                                             ;       ;
; I/O pins                                    ; 7     ;
; Total memory bits                           ; 3840  ;
; Embedded Multiplier 9-bit elements          ; 0     ;
; Maximum fan-out                             ; 117   ;
; Total fan-out                               ; 991   ;
; Average fan-out                             ; 3.66  ;
+---------------------------------------------+-------+


+------------------------------------------------------------------------------------------------------------------------------------------------------------------------------------------------------------------------------------------------+
; Analysis & Synthesis Resource Utilization by Entity                                                                                                                                                                                            ;
+-------------------------------------------+-------------------+--------------+-------------+--------------+---------+-----------+------+--------------+-------------------------------------------------------------------------+--------------+
; Compilation Hierarchy Node                ; LC Combinationals ; LC Registers ; Memory Bits ; DSP Elements ; DSP 9x9 ; DSP 18x18 ; Pins ; Virtual Pins ; Full Hierarchy Name                                                     ; Library Name ;
+-------------------------------------------+-------------------+--------------+-------------+--------------+---------+-----------+------+--------------+-------------------------------------------------------------------------+--------------+
; |Top                                      ; 140 (41)          ; 87 (11)      ; 3840        ; 0            ; 0       ; 0         ; 7    ; 0            ; |Top                                                                    ;              ;
;    |Controller:CNTRL|                     ; 68 (68)           ; 34 (34)      ; 0           ; 0            ; 0       ; 0         ; 0    ; 0            ; |Top|Controller:CNTRL                                                   ;              ;
;    |FontRom:FNT_E|                        ; 1 (1)             ; 1 (1)        ; 0           ; 0            ; 0       ; 0         ; 0    ; 0            ; |Top|FontRom:FNT_E                                                      ;              ;
;    |FontRom:FNT_H|                        ; 6 (6)             ; 1 (1)        ; 3840        ; 0            ; 0       ; 0         ; 0    ; 0            ; |Top|FontRom:FNT_H                                                      ;              ;
;       |altsyncram:Mux0_rtl_0|             ; 0 (0)             ; 0 (0)        ; 3840        ; 0            ; 0       ; 0         ; 0    ; 0            ; |Top|FontRom:FNT_H|altsyncram:Mux0_rtl_0                                ;              ;
;          |altsyncram_5i01:auto_generated| ; 0 (0)             ; 0 (0)        ; 3840        ; 0            ; 0       ; 0         ; 0    ; 0            ; |Top|FontRom:FNT_H|altsyncram:Mux0_rtl_0|altsyncram_5i01:auto_generated ;              ;
;    |LineBuffer:LINE_BUFFER|               ; 24 (24)           ; 40 (40)      ; 0           ; 0            ; 0       ; 0         ; 0    ; 0            ; |Top|LineBuffer:LINE_BUFFER                                             ;              ;
+-------------------------------------------+-------------------+--------------+-------------+--------------+---------+-----------+------+--------------+-------------------------------------------------------------------------+--------------+
Note: For table entries with two numbers listed, the numbers in parentheses indicate the number of resources of the given type used by the specific entity alone. The numbers listed outside of parentheses indicate the total resources of the given type used by the specific entity and all of its sub-entities in the hierarchy.


+----------------------------------------------------------------------------------------------------------------------------------------------------------------------------------------------+
; Analysis & Synthesis RAM Summary                                                                                                                                                             ;
+-------------------------------------------------------------------------------+------+------+--------------+--------------+--------------+--------------+------+-----------------------------+
; Name                                                                          ; Type ; Mode ; Port A Depth ; Port A Width ; Port B Depth ; Port B Width ; Size ; MIF                         ;
+-------------------------------------------------------------------------------+------+------+--------------+--------------+--------------+--------------+------+-----------------------------+
; FontRom:FNT_H|altsyncram:Mux0_rtl_0|altsyncram_5i01:auto_generated|ALTSYNCRAM ; AUTO ; ROM  ; 128          ; 30           ; --           ; --           ; 3840 ; de0-video-card.Top0.rtl.mif ;
+-------------------------------------------------------------------------------+------+------+--------------+--------------+--------------+--------------+------+-----------------------------+


+-------------------------------------------------------------------------------------------------+
; Registers Removed During Synthesis                                                              ;
+------------------------------------------------------+------------------------------------------+
; Register name                                        ; Reason for Removal                       ;
+------------------------------------------------------+------------------------------------------+
; LineBuffer:LINE_BUFFER|DATA_OUT[40..639]             ; Stuck at GND due to stuck port data_in   ;
; FontRom:FNT_L|char_font[0..23]                       ; Stuck at GND due to stuck port data_in   ;
; FontRom:FNT_L|char_font[24..29]                      ; Stuck at VCC due to stuck port data_in   ;
; FontRom:FNT_L|char_font[30..38]                      ; Stuck at GND due to stuck port data_in   ;
; FontRom:FNT_L|char_font[39]                          ; Stuck at VCC due to stuck port data_in   ;
; FontRom:FNT_L|char_font[40..48]                      ; Stuck at GND due to stuck port data_in   ;
; FontRom:FNT_L|char_font[49]                          ; Stuck at VCC due to stuck port data_in   ;
; FontRom:FNT_L|char_font[50..58]                      ; Stuck at GND due to stuck port data_in   ;
; FontRom:FNT_L|char_font[59]                          ; Stuck at VCC due to stuck port data_in   ;
; FontRom:FNT_L|char_font[60..68]                      ; Stuck at GND due to stuck port data_in   ;
; FontRom:FNT_L|char_font[69]                          ; Stuck at VCC due to stuck port data_in   ;
; FontRom:FNT_L|char_font[70..78]                      ; Stuck at GND due to stuck port data_in   ;
; FontRom:FNT_L|char_font[79]                          ; Stuck at VCC due to stuck port data_in   ;
; FontRom:FNT_L|char_font[80..88]                      ; Stuck at GND due to stuck port data_in   ;
; FontRom:FNT_L|char_font[89]                          ; Stuck at VCC due to stuck port data_in   ;
; FontRom:FNT_L|char_font[90..98]                      ; Stuck at GND due to stuck port data_in   ;
; FontRom:FNT_L|char_font[99]                          ; Stuck at VCC due to stuck port data_in   ;
; FontRom:FNT_L|char_font[100..108]                    ; Stuck at GND due to stuck port data_in   ;
; FontRom:FNT_L|char_font[109]                         ; Stuck at VCC due to stuck port data_in   ;
; FontRom:FNT_L|char_font[110..118]                    ; Stuck at GND due to stuck port data_in   ;
; FontRom:FNT_L|char_font[119]                         ; Stuck at VCC due to stuck port data_in   ;
; FontRom:FNT_L|char_font[120..128]                    ; Stuck at GND due to stuck port data_in   ;
; FontRom:FNT_L|char_font[129]                         ; Stuck at VCC due to stuck port data_in   ;
; FontRom:FNT_L|char_font[130..159]                    ; Stuck at GND due to stuck port data_in   ;
; FontRom:FNT_E|char_font[0..23]                       ; Stuck at GND due to stuck port data_in   ;
; FontRom:FNT_E|char_font[24..29]                      ; Stuck at VCC due to stuck port data_in   ;
; FontRom:FNT_E|char_font[30..38]                      ; Stuck at GND due to stuck port data_in   ;
; FontRom:FNT_E|char_font[39]                          ; Stuck at VCC due to stuck port data_in   ;
; FontRom:FNT_E|char_font[40..48]                      ; Stuck at GND due to stuck port data_in   ;
; FontRom:FNT_E|char_font[49]                          ; Stuck at VCC due to stuck port data_in   ;
; FontRom:FNT_E|char_font[50..58]                      ; Stuck at GND due to stuck port data_in   ;
; FontRom:FNT_E|char_font[59]                          ; Stuck at VCC due to stuck port data_in   ;
; FontRom:FNT_E|char_font[60..68]                      ; Stuck at GND due to stuck port data_in   ;
; FontRom:FNT_E|char_font[69]                          ; Stuck at VCC due to stuck port data_in   ;
; FontRom:FNT_E|char_font[70..73]                      ; Stuck at GND due to stuck port data_in   ;
; FontRom:FNT_E|char_font[74..79]                      ; Stuck at VCC due to stuck port data_in   ;
; FontRom:FNT_E|char_font[80..88]                      ; Stuck at GND due to stuck port data_in   ;
; FontRom:FNT_E|char_font[89]                          ; Stuck at VCC due to stuck port data_in   ;
; FontRom:FNT_E|char_font[90..98]                      ; Stuck at GND due to stuck port data_in   ;
; FontRom:FNT_E|char_font[99]                          ; Stuck at VCC due to stuck port data_in   ;
; FontRom:FNT_E|char_font[100..108]                    ; Stuck at GND due to stuck port data_in   ;
; FontRom:FNT_E|char_font[109]                         ; Stuck at VCC due to stuck port data_in   ;
; FontRom:FNT_E|char_font[110..118]                    ; Stuck at GND due to stuck port data_in   ;
; FontRom:FNT_E|char_font[119]                         ; Stuck at VCC due to stuck port data_in   ;
; FontRom:FNT_E|char_font[120..123]                    ; Stuck at GND due to stuck port data_in   ;
; FontRom:FNT_E|char_font[124..129]                    ; Stuck at VCC due to stuck port data_in   ;
; FontRom:FNT_E|char_font[130..159]                    ; Stuck at GND due to stuck port data_in   ;
; FontRom:FNT_H|char_font[0..20]                       ; Stuck at GND due to stuck port data_in   ;
; FontRom:FNT_H|char_font[21]                          ; Stuck at VCC due to stuck port data_in   ;
; FontRom:FNT_H|char_font[22..25]                      ; Stuck at GND due to stuck port data_in   ;
; FontRom:FNT_H|char_font[26]                          ; Stuck at VCC due to stuck port data_in   ;
; FontRom:FNT_H|char_font[27..30]                      ; Stuck at GND due to stuck port data_in   ;
; FontRom:FNT_H|char_font[31]                          ; Stuck at VCC due to stuck port data_in   ;
; FontRom:FNT_H|char_font[32..35]                      ; Stuck at GND due to stuck port data_in   ;
; FontRom:FNT_H|char_font[36]                          ; Stuck at VCC due to stuck port data_in   ;
; FontRom:FNT_H|char_font[37..40]                      ; Stuck at GND due to stuck port data_in   ;
; FontRom:FNT_H|char_font[41]                          ; Stuck at VCC due to stuck port data_in   ;
; FontRom:FNT_H|char_font[42..45]                      ; Stuck at GND due to stuck port data_in   ;
; FontRom:FNT_H|char_font[46]                          ; Stuck at VCC due to stuck port data_in   ;
; FontRom:FNT_H|char_font[47..50]                      ; Stuck at GND due to stuck port data_in   ;
; FontRom:FNT_H|char_font[51]                          ; Stuck at VCC due to stuck port data_in   ;
; FontRom:FNT_H|char_font[52..55]                      ; Stuck at GND due to stuck port data_in   ;
; FontRom:FNT_H|char_font[56]                          ; Stuck at VCC due to stuck port data_in   ;
; FontRom:FNT_H|char_font[57..60]                      ; Stuck at GND due to stuck port data_in   ;
; FontRom:FNT_H|char_font[61]                          ; Stuck at VCC due to stuck port data_in   ;
; FontRom:FNT_H|char_font[62..65]                      ; Stuck at GND due to stuck port data_in   ;
; FontRom:FNT_H|char_font[66]                          ; Stuck at VCC due to stuck port data_in   ;
; FontRom:FNT_H|char_font[67..70]                      ; Stuck at GND due to stuck port data_in   ;
; FontRom:FNT_H|char_font[71..76]                      ; Stuck at VCC due to stuck port data_in   ;
; FontRom:FNT_H|char_font[77..80]                      ; Stuck at GND due to stuck port data_in   ;
; FontRom:FNT_H|char_font[81]                          ; Stuck at VCC due to stuck port data_in   ;
; FontRom:FNT_H|char_font[82..85]                      ; Stuck at GND due to stuck port data_in   ;
; FontRom:FNT_H|char_font[86]                          ; Stuck at VCC due to stuck port data_in   ;
; FontRom:FNT_H|char_font[87..90]                      ; Stuck at GND due to stuck port data_in   ;
; FontRom:FNT_H|char_font[91]                          ; Stuck at VCC due to stuck port data_in   ;
; FontRom:FNT_H|char_font[92..95]                      ; Stuck at GND due to stuck port data_in   ;
; FontRom:FNT_H|char_font[96]                          ; Stuck at VCC due to stuck port data_in   ;
; FontRom:FNT_H|char_font[97..100]                     ; Stuck at GND due to stuck port data_in   ;
; FontRom:FNT_H|char_font[101]                         ; Stuck at VCC due to stuck port data_in   ;
; FontRom:FNT_H|char_font[102..105]                    ; Stuck at GND due to stuck port data_in   ;
; FontRom:FNT_H|char_font[106]                         ; Stuck at VCC due to stuck port data_in   ;
; FontRom:FNT_H|char_font[107..110]                    ; Stuck at GND due to stuck port data_in   ;
; FontRom:FNT_H|char_font[111]                         ; Stuck at VCC due to stuck port data_in   ;
; FontRom:FNT_H|char_font[112..115]                    ; Stuck at GND due to stuck port data_in   ;
; FontRom:FNT_H|char_font[116]                         ; Stuck at VCC due to stuck port data_in   ;
; FontRom:FNT_H|char_font[117..120]                    ; Stuck at GND due to stuck port data_in   ;
; FontRom:FNT_H|char_font[121]                         ; Stuck at VCC due to stuck port data_in   ;
; FontRom:FNT_H|char_font[122..125]                    ; Stuck at GND due to stuck port data_in   ;
; FontRom:FNT_H|char_font[126]                         ; Stuck at VCC due to stuck port data_in   ;
; FontRom:FNT_H|char_font[127..159]                    ; Stuck at GND due to stuck port data_in   ;
; string_buff[1,4,5,7,9,13,15,17,20,21,23,25,28,29,31] ; Merged with string_buff[12]              ;
; string_buff[2]                                       ; Merged with string_buff[27]              ;
; string_buff[3]                                       ; Merged with string_buff[10]              ;
; string_buff[6,22,30]                                 ; Merged with string_buff[14]              ;
; string_buff[18]                                      ; Merged with string_buff[11]              ;
; string_buff[26]                                      ; Merged with string_buff[19]              ;
; FontRom:FNT_L|DATA_OUT[1]~en                         ; Merged with FontRom:FNT_L|DATA_OUT[0]~en ;
; FontRom:FNT_L|DATA_OUT[2]~en                         ; Merged with FontRom:FNT_L|DATA_OUT[0]~en ;
; FontRom:FNT_L|DATA_OUT[3]~en                         ; Merged with FontRom:FNT_L|DATA_OUT[0]~en ;
; FontRom:FNT_L|DATA_OUT[4]~en                         ; Merged with FontRom:FNT_L|DATA_OUT[0]~en ;
; FontRom:FNT_L|DATA_OUT[5]~en                         ; Merged with FontRom:FNT_L|DATA_OUT[0]~en ;
; FontRom:FNT_L|DATA_OUT[6]~en                         ; Merged with FontRom:FNT_L|DATA_OUT[0]~en ;
; FontRom:FNT_L|DATA_OUT[7]~en                         ; Merged with FontRom:FNT_L|DATA_OUT[0]~en ;
; FontRom:FNT_L|DATA_OUT[8]~en                         ; Merged with FontRom:FNT_L|DATA_OUT[0]~en ;
; FontRom:FNT_L|DATA_OUT[9]~en                         ; Merged with FontRom:FNT_L|DATA_OUT[0]~en ;
; FontRom:FNT_H|DATA_OUT[1]~en                         ; Merged with FontRom:FNT_H|DATA_OUT[0]~en ;
; FontRom:FNT_H|DATA_OUT[2]~en                         ; Merged with FontRom:FNT_H|DATA_OUT[0]~en ;
; FontRom:FNT_H|DATA_OUT[3]~en                         ; Merged with FontRom:FNT_H|DATA_OUT[0]~en ;
; FontRom:FNT_H|DATA_OUT[4]~en                         ; Merged with FontRom:FNT_H|DATA_OUT[0]~en ;
; FontRom:FNT_H|DATA_OUT[5]~en                         ; Merged with FontRom:FNT_H|DATA_OUT[0]~en ;
; FontRom:FNT_H|DATA_OUT[6]~en                         ; Merged with FontRom:FNT_H|DATA_OUT[0]~en ;
; FontRom:FNT_H|DATA_OUT[7]~en                         ; Merged with FontRom:FNT_H|DATA_OUT[0]~en ;
; FontRom:FNT_H|DATA_OUT[8]~en                         ; Merged with FontRom:FNT_H|DATA_OUT[0]~en ;
; FontRom:FNT_H|DATA_OUT[9]~en                         ; Merged with FontRom:FNT_H|DATA_OUT[0]~en ;
; FontRom:FNT_E|DATA_OUT[1]~en                         ; Merged with FontRom:FNT_E|DATA_OUT[0]~en ;
; FontRom:FNT_E|DATA_OUT[2]~en                         ; Merged with FontRom:FNT_E|DATA_OUT[0]~en ;
; FontRom:FNT_E|DATA_OUT[3]~en                         ; Merged with FontRom:FNT_E|DATA_OUT[0]~en ;
; FontRom:FNT_E|DATA_OUT[4]~en                         ; Merged with FontRom:FNT_E|DATA_OUT[0]~en ;
; FontRom:FNT_E|DATA_OUT[5]~en                         ; Merged with FontRom:FNT_E|DATA_OUT[0]~en ;
; FontRom:FNT_E|DATA_OUT[6]~en                         ; Merged with FontRom:FNT_E|DATA_OUT[0]~en ;
; FontRom:FNT_E|DATA_OUT[7]~en                         ; Merged with FontRom:FNT_E|DATA_OUT[0]~en ;
; FontRom:FNT_E|DATA_OUT[8]~en                         ; Merged with FontRom:FNT_E|DATA_OUT[0]~en ;
; FontRom:FNT_E|DATA_OUT[9]~en                         ; Merged with FontRom:FNT_E|DATA_OUT[0]~en ;
; string_buff[12]                                      ; Stuck at GND due to stuck port data_in   ;
; string_buff[14]                                      ; Stuck at VCC due to stuck port data_in   ;
; FontRom:FNT_L|DATA_OUT[0]~en                         ; Lost fanout                              ;
; Controller:CNTRL|ROW_NUM[4..9]                       ; Lost fanout                              ;
; Total Number of Removed Registers = 1138             ;                                          ;
+------------------------------------------------------+------------------------------------------+


+-----------------------------------------------------------------------------------------------------------+
; Removed Registers Triggering Further Register Optimizations                                               ;
+--------------------------------------+---------------------------+----------------------------------------+
; Register name                        ; Reason for Removal        ; Registers Removed due to This Register ;
+--------------------------------------+---------------------------+----------------------------------------+
; LineBuffer:LINE_BUFFER|DATA_OUT[639] ; Stuck at GND              ; LineBuffer:LINE_BUFFER|DATA_OUT[590]   ;
;                                      ; due to stuck port data_in ;                                        ;
+--------------------------------------+---------------------------+----------------------------------------+


+------------------------------------------------------+
; General Register Statistics                          ;
+----------------------------------------------+-------+
; Statistic                                    ; Value ;
+----------------------------------------------+-------+
; Total registers                              ; 87    ;
; Number of registers using Synchronous Clear  ; 26    ;
; Number of registers using Synchronous Load   ; 0     ;
; Number of registers using Asynchronous Clear ; 0     ;
; Number of registers using Asynchronous Load  ; 0     ;
; Number of registers using Clock Enable       ; 49    ;
; Number of registers using Preset             ; 0     ;
+----------------------------------------------+-------+


+------------------------------------------------------------------+
; Registers Packed Into Inferred Megafunctions                     ;
+--------------------------------+--------------------------+------+
; Register Name                  ; Megafunction             ; Type ;
+--------------------------------+--------------------------+------+
; FontRom:FNT_H|DATA_OUT[0]~reg0 ; FontRom:FNT_H|Mux0_rtl_0 ; ROM  ;
; FontRom:FNT_H|DATA_OUT[9]~reg0 ; FontRom:FNT_H|Mux0_rtl_0 ; ROM  ;
; FontRom:FNT_H|DATA_OUT[8]~reg0 ; FontRom:FNT_H|Mux0_rtl_0 ; ROM  ;
; FontRom:FNT_H|DATA_OUT[7]~reg0 ; FontRom:FNT_H|Mux0_rtl_0 ; ROM  ;
; FontRom:FNT_H|DATA_OUT[6]~reg0 ; FontRom:FNT_H|Mux0_rtl_0 ; ROM  ;
; FontRom:FNT_H|DATA_OUT[5]~reg0 ; FontRom:FNT_H|Mux0_rtl_0 ; ROM  ;
; FontRom:FNT_H|DATA_OUT[4]~reg0 ; FontRom:FNT_H|Mux0_rtl_0 ; ROM  ;
; FontRom:FNT_H|DATA_OUT[3]~reg0 ; FontRom:FNT_H|Mux0_rtl_0 ; ROM  ;
; FontRom:FNT_H|DATA_OUT[2]~reg0 ; FontRom:FNT_H|Mux0_rtl_0 ; ROM  ;
; FontRom:FNT_H|DATA_OUT[1]~reg0 ; FontRom:FNT_H|Mux0_rtl_0 ; ROM  ;
; FontRom:FNT_E|DATA_OUT[0]~reg0 ; FontRom:FNT_H|Mux0_rtl_0 ; ROM  ;
; FontRom:FNT_E|DATA_OUT[9]~reg0 ; FontRom:FNT_H|Mux0_rtl_0 ; ROM  ;
; FontRom:FNT_E|DATA_OUT[8]~reg0 ; FontRom:FNT_H|Mux0_rtl_0 ; ROM  ;
; FontRom:FNT_E|DATA_OUT[7]~reg0 ; FontRom:FNT_H|Mux0_rtl_0 ; ROM  ;
; FontRom:FNT_E|DATA_OUT[6]~reg0 ; FontRom:FNT_H|Mux0_rtl_0 ; ROM  ;
; FontRom:FNT_E|DATA_OUT[5]~reg0 ; FontRom:FNT_H|Mux0_rtl_0 ; ROM  ;
; FontRom:FNT_E|DATA_OUT[4]~reg0 ; FontRom:FNT_H|Mux0_rtl_0 ; ROM  ;
; FontRom:FNT_E|DATA_OUT[3]~reg0 ; FontRom:FNT_H|Mux0_rtl_0 ; ROM  ;
; FontRom:FNT_E|DATA_OUT[2]~reg0 ; FontRom:FNT_H|Mux0_rtl_0 ; ROM  ;
; FontRom:FNT_E|DATA_OUT[1]~reg0 ; FontRom:FNT_H|Mux0_rtl_0 ; ROM  ;
; FontRom:FNT_L|DATA_OUT[0]~reg0 ; FontRom:FNT_H|Mux0_rtl_0 ; ROM  ;
; FontRom:FNT_L|DATA_OUT[9]~reg0 ; FontRom:FNT_H|Mux0_rtl_0 ; ROM  ;
; FontRom:FNT_L|DATA_OUT[8]~reg0 ; FontRom:FNT_H|Mux0_rtl_0 ; ROM  ;
; FontRom:FNT_L|DATA_OUT[7]~reg0 ; FontRom:FNT_H|Mux0_rtl_0 ; ROM  ;
; FontRom:FNT_L|DATA_OUT[6]~reg0 ; FontRom:FNT_H|Mux0_rtl_0 ; ROM  ;
; FontRom:FNT_L|DATA_OUT[5]~reg0 ; FontRom:FNT_H|Mux0_rtl_0 ; ROM  ;
; FontRom:FNT_L|DATA_OUT[4]~reg0 ; FontRom:FNT_H|Mux0_rtl_0 ; ROM  ;
; FontRom:FNT_L|DATA_OUT[3]~reg0 ; FontRom:FNT_H|Mux0_rtl_0 ; ROM  ;
; FontRom:FNT_L|DATA_OUT[2]~reg0 ; FontRom:FNT_H|Mux0_rtl_0 ; ROM  ;
; FontRom:FNT_L|DATA_OUT[1]~reg0 ; FontRom:FNT_H|Mux0_rtl_0 ; ROM  ;
+--------------------------------+--------------------------+------+


+--------------------------------------------------------------------------------------------------------------------------------------------------------+
; Multiplexer Restructuring Statistics (Restructuring Performed)                                                                                         ;
+--------------------+-----------+---------------+----------------------+------------------------+------------+------------------------------------------+
; Multiplexer Inputs ; Bus Width ; Baseline Area ; Area if Restructured ; Saving if Restructured ; Registered ; Example Multiplexer Output               ;
+--------------------+-----------+---------------+----------------------+------------------------+------------+------------------------------------------+
; 3:1                ; 10 bits   ; 20 LEs        ; 10 LEs               ; 10 LEs                 ; Yes        ; |Top|Controller:CNTRL|v_counter[9]       ;
; 3:1                ; 10 bits   ; 20 LEs        ; 10 LEs               ; 10 LEs                 ; Yes        ; |Top|Controller:CNTRL|ROW_NUM[1]         ;
; 3:1                ; 8 bits    ; 16 LEs        ; 8 LEs                ; 8 LEs                  ; Yes        ; |Top|LineBuffer:LINE_BUFFER|DATA_OUT[11] ;
; 3:1                ; 8 bits    ; 16 LEs        ; 8 LEs                ; 8 LEs                  ; Yes        ; |Top|LineBuffer:LINE_BUFFER|DATA_OUT[26] ;
; 3:1                ; 10 bits   ; 20 LEs        ; 10 LEs               ; 10 LEs                 ; Yes        ; |Top|LineBuffer:LINE_BUFFER|DATA_OUT[31] ;
; 3:1                ; 9 bits    ; 18 LEs        ; 9 LEs                ; 9 LEs                  ; Yes        ; |Top|LineBuffer:LINE_BUFFER|DATA_OUT[9]  ;
; 3:1                ; 2 bits    ; 4 LEs         ; 2 LEs                ; 2 LEs                  ; Yes        ; |Top|LineBuffer:LINE_BUFFER|DATA_OUT[19] ;
; 3:1                ; 2 bits    ; 4 LEs         ; 2 LEs                ; 2 LEs                  ; Yes        ; |Top|LineBuffer:LINE_BUFFER|DATA_OUT[29] ;
; 3:1                ; 10 bits   ; 20 LEs        ; 20 LEs               ; 0 LEs                  ; No         ; |Top|font_bus[9]                         ;
+--------------------+-----------+---------------+----------------------+------------------------+------------+------------------------------------------+


+-------------------------------------------------------------------------------------------+
; Source assignments for FontRom:FNT_H|altsyncram:Mux0_rtl_0|altsyncram_5i01:auto_generated ;
+---------------------------------+--------------------+------+-----------------------------+
; Assignment                      ; Value              ; From ; To                          ;
+---------------------------------+--------------------+------+-----------------------------+
; OPTIMIZE_POWER_DURING_SYNTHESIS ; NORMAL_COMPILATION ; -    ; -                           ;
+---------------------------------+--------------------+------+-----------------------------+


+-----------------------------------------------------------------------------------------------------------------------------------------------------------------------------------------------------+
; Parameter Settings for User Entity Instance: FontRom:FNT_H                                                                                                                                          ;
+----------------+------------------------------------------------------------------------------------------------------------------------------------------------------------------+-----------------+
; Parameter Name ; Value                                                                                                                                                            ; Type            ;
+----------------+------------------------------------------------------------------------------------------------------------------------------------------------------------------+-----------------+
; char           ; 01001000                                                                                                                                                         ; Unsigned Binary ;
; font_value     ; 0000000000000000000000000000000001000010000100001000010000100001000010000100001000011111100001000010000100001000010000100001000010000100001000000000000000000000 ; Unsigned Binary ;
+----------------+------------------------------------------------------------------------------------------------------------------------------------------------------------------+-----------------+
Note: In order to hide this table in the UI and the text report file, please set the "Show Parameter Settings in Synthesis Report" option in "Analysis and Synthesis Settings -> More Settings" to "Off".


+-----------------------------------------------------------------------------------------------------------------------------------------------------------------------------------------------------+
; Parameter Settings for User Entity Instance: FontRom:FNT_E                                                                                                                                          ;
+----------------+------------------------------------------------------------------------------------------------------------------------------------------------------------------+-----------------+
; Parameter Name ; Value                                                                                                                                                            ; Type            ;
+----------------+------------------------------------------------------------------------------------------------------------------------------------------------------------------+-----------------+
; char           ; 01000101                                                                                                                                                         ; Unsigned Binary ;
; font_value     ; 0000000000000000000000000000001111110000100000000010000000001000000000100000000011111100001000000000100000000010000000001000000000111111000000000000000000000000 ; Unsigned Binary ;
+----------------+------------------------------------------------------------------------------------------------------------------------------------------------------------------+-----------------+
Note: In order to hide this table in the UI and the text report file, please set the "Show Parameter Settings in Synthesis Report" option in "Analysis and Synthesis Settings -> More Settings" to "Off".


+-----------------------------------------------------------------------------------------------------------------------------------------------------------------------------------------------------+
; Parameter Settings for User Entity Instance: FontRom:FNT_L                                                                                                                                          ;
+----------------+------------------------------------------------------------------------------------------------------------------------------------------------------------------+-----------------+
; Parameter Name ; Value                                                                                                                                                            ; Type            ;
+----------------+------------------------------------------------------------------------------------------------------------------------------------------------------------------+-----------------+
; char           ; 01001100                                                                                                                                                         ; Unsigned Binary ;
; font_value     ; 0000000000000000000000000000001000000000100000000010000000001000000000100000000010000000001000000000100000000010000000001000000000111111000000000000000000000000 ; Unsigned Binary ;
+----------------+------------------------------------------------------------------------------------------------------------------------------------------------------------------+-----------------+
Note: In order to hide this table in the UI and the text report file, please set the "Show Parameter Settings in Synthesis Report" option in "Analysis and Synthesis Settings -> More Settings" to "Off".


+--------------------------------------------------------------------------------------+
; Parameter Settings for Inferred Entity Instance: FontRom:FNT_H|altsyncram:Mux0_rtl_0 ;
+------------------------------------+-----------------------------+-------------------+
; Parameter Name                     ; Value                       ; Type              ;
+------------------------------------+-----------------------------+-------------------+
; BYTE_SIZE_BLOCK                    ; 8                           ; Untyped           ;
; AUTO_CARRY_CHAINS                  ; ON                          ; AUTO_CARRY        ;
; IGNORE_CARRY_BUFFERS               ; OFF                         ; IGNORE_CARRY      ;
; AUTO_CASCADE_CHAINS                ; ON                          ; AUTO_CASCADE      ;
; IGNORE_CASCADE_BUFFERS             ; OFF                         ; IGNORE_CASCADE    ;
; WIDTH_BYTEENA                      ; 1                           ; Untyped           ;
; OPERATION_MODE                     ; ROM                         ; Untyped           ;
; WIDTH_A                            ; 30                          ; Untyped           ;
; WIDTHAD_A                          ; 7                           ; Untyped           ;
; NUMWORDS_A                         ; 128                         ; Untyped           ;
; OUTDATA_REG_A                      ; UNREGISTERED                ; Untyped           ;
; ADDRESS_ACLR_A                     ; NONE                        ; Untyped           ;
; OUTDATA_ACLR_A                     ; NONE                        ; Untyped           ;
; WRCONTROL_ACLR_A                   ; NONE                        ; Untyped           ;
; INDATA_ACLR_A                      ; NONE                        ; Untyped           ;
; BYTEENA_ACLR_A                     ; NONE                        ; Untyped           ;
; WIDTH_B                            ; 1                           ; Untyped           ;
; WIDTHAD_B                          ; 1                           ; Untyped           ;
; NUMWORDS_B                         ; 1                           ; Untyped           ;
; INDATA_REG_B                       ; CLOCK1                      ; Untyped           ;
; WRCONTROL_WRADDRESS_REG_B          ; CLOCK1                      ; Untyped           ;
; RDCONTROL_REG_B                    ; CLOCK1                      ; Untyped           ;
; ADDRESS_REG_B                      ; CLOCK1                      ; Untyped           ;
; OUTDATA_REG_B                      ; UNREGISTERED                ; Untyped           ;
; BYTEENA_REG_B                      ; CLOCK1                      ; Untyped           ;
; INDATA_ACLR_B                      ; NONE                        ; Untyped           ;
; WRCONTROL_ACLR_B                   ; NONE                        ; Untyped           ;
; ADDRESS_ACLR_B                     ; NONE                        ; Untyped           ;
; OUTDATA_ACLR_B                     ; NONE                        ; Untyped           ;
; RDCONTROL_ACLR_B                   ; NONE                        ; Untyped           ;
; BYTEENA_ACLR_B                     ; NONE                        ; Untyped           ;
; WIDTH_BYTEENA_A                    ; 1                           ; Untyped           ;
; WIDTH_BYTEENA_B                    ; 1                           ; Untyped           ;
; RAM_BLOCK_TYPE                     ; AUTO                        ; Untyped           ;
; BYTE_SIZE                          ; 8                           ; Untyped           ;
; READ_DURING_WRITE_MODE_MIXED_PORTS ; DONT_CARE                   ; Untyped           ;
; READ_DURING_WRITE_MODE_PORT_A      ; NEW_DATA_NO_NBE_READ        ; Untyped           ;
; READ_DURING_WRITE_MODE_PORT_B      ; NEW_DATA_NO_NBE_READ        ; Untyped           ;
; INIT_FILE                          ; de0-video-card.Top0.rtl.mif ; Untyped           ;
; INIT_FILE_LAYOUT                   ; PORT_A                      ; Untyped           ;
; MAXIMUM_DEPTH                      ; 0                           ; Untyped           ;
; CLOCK_ENABLE_INPUT_A               ; NORMAL                      ; Untyped           ;
; CLOCK_ENABLE_INPUT_B               ; NORMAL                      ; Untyped           ;
; CLOCK_ENABLE_OUTPUT_A              ; NORMAL                      ; Untyped           ;
; CLOCK_ENABLE_OUTPUT_B              ; NORMAL                      ; Untyped           ;
; CLOCK_ENABLE_CORE_A                ; USE_INPUT_CLKEN             ; Untyped           ;
; CLOCK_ENABLE_CORE_B                ; USE_INPUT_CLKEN             ; Untyped           ;
; ENABLE_ECC                         ; FALSE                       ; Untyped           ;
; ECC_PIPELINE_STAGE_ENABLED         ; FALSE                       ; Untyped           ;
; WIDTH_ECCSTATUS                    ; 3                           ; Untyped           ;
; DEVICE_FAMILY                      ; Cyclone IV E                ; Untyped           ;
; CBXI_PARAMETER                     ; altsyncram_5i01             ; Untyped           ;
+------------------------------------+-----------------------------+-------------------+
Note: In order to hide this table in the UI and the text report file, please set the "Show Parameter Settings in Synthesis Report" option in "Analysis and Synthesis Settings -> More Settings" to "Off".


+---------------------------------------------------------------------------------+
; altsyncram Parameter Settings by Entity Instance                                ;
+-------------------------------------------+-------------------------------------+
; Name                                      ; Value                               ;
+-------------------------------------------+-------------------------------------+
; Number of entity instances                ; 1                                   ;
; Entity Instance                           ; FontRom:FNT_H|altsyncram:Mux0_rtl_0 ;
;     -- OPERATION_MODE                     ; ROM                                 ;
;     -- WIDTH_A                            ; 30                                  ;
;     -- NUMWORDS_A                         ; 128                                 ;
;     -- OUTDATA_REG_A                      ; UNREGISTERED                        ;
;     -- WIDTH_B                            ; 1                                   ;
;     -- NUMWORDS_B                         ; 1                                   ;
;     -- ADDRESS_REG_B                      ; CLOCK1                              ;
;     -- OUTDATA_REG_B                      ; UNREGISTERED                        ;
;     -- RAM_BLOCK_TYPE                     ; AUTO                                ;
;     -- READ_DURING_WRITE_MODE_MIXED_PORTS ; DONT_CARE                           ;
+-------------------------------------------+-------------------------------------+


+----------------------------------------------------------------------------------------------------------------------------------------------------------------------------------------------------------------+
; Port Connectivity Checks: "FontRom:FNT_L"                                                                                                                                                                      ;
+---------+-------+----------+-----------------------------------------------------------------------------------------------------------------------------------------------------------------------------------+
; Port    ; Type  ; Severity ; Details                                                                                                                                                                           ;
+---------+-------+----------+-----------------------------------------------------------------------------------------------------------------------------------------------------------------------------------+
; ROW_NUM ; Input ; Warning  ; Input port expression (10 bits) is wider than the input port (4 bits) it drives.  The 6 most-significant bit(s) in the expression will be dangling if they have no other fanouts. ;
+---------+-------+----------+-----------------------------------------------------------------------------------------------------------------------------------------------------------------------------------+


+----------------------------------------------------------------------------------------------------------------------------------------------------------------------------------------------------------------+
; Port Connectivity Checks: "FontRom:FNT_E"                                                                                                                                                                      ;
+---------+-------+----------+-----------------------------------------------------------------------------------------------------------------------------------------------------------------------------------+
; Port    ; Type  ; Severity ; Details                                                                                                                                                                           ;
+---------+-------+----------+-----------------------------------------------------------------------------------------------------------------------------------------------------------------------------------+
; ROW_NUM ; Input ; Warning  ; Input port expression (10 bits) is wider than the input port (4 bits) it drives.  The 6 most-significant bit(s) in the expression will be dangling if they have no other fanouts. ;
+---------+-------+----------+-----------------------------------------------------------------------------------------------------------------------------------------------------------------------------------+


+----------------------------------------------------------------------------------------------------------------------------------------------------------------------------------------------------------------+
; Port Connectivity Checks: "FontRom:FNT_H"                                                                                                                                                                      ;
+---------+-------+----------+-----------------------------------------------------------------------------------------------------------------------------------------------------------------------------------+
; Port    ; Type  ; Severity ; Details                                                                                                                                                                           ;
+---------+-------+----------+-----------------------------------------------------------------------------------------------------------------------------------------------------------------------------------+
; ROW_NUM ; Input ; Warning  ; Input port expression (10 bits) is wider than the input port (4 bits) it drives.  The 6 most-significant bit(s) in the expression will be dangling if they have no other fanouts. ;
+---------+-------+----------+-----------------------------------------------------------------------------------------------------------------------------------------------------------------------------------+


+----------------------------------------------------------------------------------------------------------------------------------------------+
; Port Connectivity Checks: "Controller:CNTRL"                                                                                                 ;
+---------------+--------+----------+----------------------------------------------------------------------------------------------------------+
; Port          ; Type   ; Severity ; Details                                                                                                  ;
+---------------+--------+----------+----------------------------------------------------------------------------------------------------------+
; ROW_NUM[9..4] ; Output ; Info     ; Connected to dangling logic. Logic that only feeds a dangling port will be removed.                      ;
; H_STATUS      ; Output ; Warning  ; Declared by entity but not connected by instance. Logic that only feeds a dangling port will be removed. ;
; V_STATUS      ; Output ; Warning  ; Declared by entity but not connected by instance. Logic that only feeds a dangling port will be removed. ;
+---------------+--------+----------+----------------------------------------------------------------------------------------------------------+


+-------------------------------+
; Elapsed Time Per Partition    ;
+----------------+--------------+
; Partition Name ; Elapsed Time ;
+----------------+--------------+
; Top            ; 00:00:09     ;
+----------------+--------------+


+-------------------------------+
; Analysis & Synthesis Messages ;
+-------------------------------+
Info: *******************************************************************
Info: Running Quartus II 32-bit Analysis & Synthesis
    Info: Version 12.1 Build 243 01/31/2013 Service Pack 1 SJ Web Edition
    Info: Processing started: Wed May 15 15:39:53 2013
Info: Command: quartus_map --read_settings_files=on --write_settings_files=off de0-video-card -c de0-video-card
Warning (20028): Parallel compilation is not licensed and has been disabled
Info (12021): Found 1 design units, including 1 entities, in source file top.v
    Info (12023): Found entity 1: Top
Info (12021): Found 1 design units, including 1 entities, in source file controller.v
    Info (12023): Found entity 1: Controller
Info (12021): Found 1 design units, including 1 entities, in source file fontrom.v
    Info (12023): Found entity 1: FontRom
Info (12021): Found 1 design units, including 1 entities, in source file linebuffer.v
    Info (12023): Found entity 1: LineBuffer
Info (12127): Elaborating entity "Top" for the top level hierarchy
Info (12128): Elaborating entity "Controller" for hierarchy "Controller:CNTRL"
Info (12128): Elaborating entity "FontRom" for hierarchy "FontRom:FNT_H"
Info (12128): Elaborating entity "FontRom" for hierarchy "FontRom:FNT_E"
Info (12128): Elaborating entity "FontRom" for hierarchy "FontRom:FNT_L"
Info (12128): Elaborating entity "LineBuffer" for hierarchy "LineBuffer:LINE_BUFFER"
Warning (13046): Tri-state node(s) do not directly drive top-level pin(s)
    Warning (13048): Converted tri-state node "font_bus[9]" into a selector
    Warning (13048): Converted tri-state node "font_bus[8]" into a selector
    Warning (13048): Converted tri-state node "font_bus[7]" into a selector
    Warning (13048): Converted tri-state node "font_bus[6]" into a selector
    Warning (13048): Converted tri-state node "font_bus[5]" into a selector
    Warning (13048): Converted tri-state node "font_bus[4]" into a selector
    Warning (13048): Converted tri-state node "font_bus[3]" into a selector
    Warning (13048): Converted tri-state node "font_bus[2]" into a selector
    Warning (13048): Converted tri-state node "font_bus[1]" into a selector
    Warning (13048): Converted tri-state node "font_bus[0]" into a selector
Info (19000): Inferred 1 megafunctions from design logic
    Info (276031): Inferred altsyncram megafunction from the following design logic: "FontRom:FNT_H|Mux0_rtl_0"
        Info (286033): Parameter OPERATION_MODE set to ROM
        Info (286033): Parameter WIDTH_A set to 30
        Info (286033): Parameter WIDTHAD_A set to 7
        Info (286033): Parameter NUMWORDS_A set to 128
        Info (286033): Parameter OUTDATA_REG_A set to UNREGISTERED
        Info (286033): Parameter RAM_BLOCK_TYPE set to AUTO
        Info (286033): Parameter INIT_FILE set to de0-video-card.Top0.rtl.mif
Info (12130): Elaborated megafunction instantiation "FontRom:FNT_H|altsyncram:Mux0_rtl_0"
Info (12133): Instantiated megafunction "FontRom:FNT_H|altsyncram:Mux0_rtl_0" with the following parameter:
    Info (12134): Parameter "OPERATION_MODE" = "ROM"
    Info (12134): Parameter "WIDTH_A" = "30"
    Info (12134): Parameter "WIDTHAD_A" = "7"
    Info (12134): Parameter "NUMWORDS_A" = "128"
    Info (12134): Parameter "OUTDATA_REG_A" = "UNREGISTERED"
    Info (12134): Parameter "RAM_BLOCK_TYPE" = "AUTO"
    Info (12134): Parameter "INIT_FILE" = "de0-video-card.Top0.rtl.mif"
Info (12021): Found 1 design units, including 1 entities, in source file db/altsyncram_5i01.tdf
    Info (12023): Found entity 1: altsyncram_5i01
Warning (12241): 4 hierarchies have connectivity warnings - see the Connectivity Checks report folder
Info (286030): Timing-Driven Synthesis is running
Info (17049): 7 registers lost all their fanouts during netlist optimizations.
Info (144001): Generated suppressed messages file C:/Users/OctalByte/Documents/GitHub/eece444-video-card/de0-nano/output_files/de0-video-card.map.smsg
Info (16010): Generating hard_block partition "hard_block:auto_generated_inst"
    Info (16011): Adding 0 node(s), including 0 DDIO, 0 PLL, 0 transceiver and 0 LCELL
Info (21057): Implemented 216 device resources after synthesis - the final resource count might be different
    Info (21058): Implemented 2 input pins
    Info (21059): Implemented 5 output pins
    Info (21061): Implemented 179 logic cells
    Info (21064): Implemented 30 RAM segments
Info: Quartus II 32-bit Analysis & Synthesis was successful. 0 errors, 13 warnings
    Info: Peak virtual memory: 371 megabytes
    Info: Processing ended: Wed May 15 15:40:16 2013
    Info: Elapsed time: 00:00:23
    Info: Total CPU time (on all processors): 00:00:16


+------------------------------------------+
; Analysis & Synthesis Suppressed Messages ;
+------------------------------------------+
The suppressed messages can be found in C:/Users/OctalByte/Documents/GitHub/eece444-video-card/de0-nano/output_files/de0-video-card.map.smsg.


