Loading NGL library 'C:/lscc/diamond/2.1_x64/ispfpga/mj5g00e/data/mj5gelib.ngl'...
Loading NGL library 'C:/lscc/diamond/2.1_x64/ispfpga/mj5g00/data/mj5glib.ngl'...
Loading NGL library 'C:/lscc/diamond/2.1_x64/ispfpga/mg5g00/data/mg5glib.ngl'...
Loading NGL library 'C:/lscc/diamond/2.1_x64/ispfpga/or5g00/data/orc5glib.ngl'...


Running DRC...

WARNING - synthesis: logical net 'CNTRL/v_counter_25_add_4_20/CO0' has no load
WARNING - synthesis: logical net 'CNTRL/v_counter_25_add_4_20/CO1' has no load
WARNING - synthesis: logical net 'CNTRL/v_counter_25_add_4_20/S1' has no load
WARNING - synthesis: logical net 'CNTRL/v_counter_25_add_4_10/CO0' has no load
WARNING - synthesis: logical net 'CNTRL/v_counter_25_add_4_18/CO0' has no load
WARNING - synthesis: logical net 'CNTRL/v_counter_25_add_4_8/CO0' has no load
WARNING - synthesis: logical net 'CNTRL/h_counter_24_add_4_10/CO0' has no load
WARNING - synthesis: logical net 'CNTRL/h_counter_24_add_4_10/CO1' has no load
WARNING - synthesis: logical net 'CNTRL/h_counter_24_add_4_8/CO0' has no load
WARNING - synthesis: logical net 'CNTRL/h_counter_24_add_4_6/CO0' has no load
WARNING - synthesis: logical net 'CNTRL/v_counter_25_add_4_6/CO0' has no load
WARNING - synthesis: logical net 'CNTRL/v_counter_25_add_4_16/CO0' has no load
WARNING - synthesis: logical net 'CNTRL/h_counter_24_add_4_4/CO0' has no load
WARNING - synthesis: logical net 'CNTRL/v_counter_25_add_4_4/CO0' has no load
WARNING - synthesis: logical net 'CNTRL/h_counter_24_add_4_2/CO0' has no load
WARNING - synthesis: logical net 'CNTRL/v_counter_25_add_4_14/CO0' has no load
WARNING - synthesis: logical net 'CNTRL/v_counter_25_add_4_2/CO0' has no load
WARNING - synthesis: logical net 'CNTRL/v_counter_25_add_4_12/CO0' has no load
WARNING - synthesis: logical net 'x_counter_23_add_4_10/CO0' has no load
WARNING - synthesis: logical net 'x_counter_23_add_4_10/CO1' has no load
WARNING - synthesis: logical net 'x_counter_23_add_4_10/S1' has no load
WARNING - synthesis: logical net 'x_counter_23_add_4_2/CO0' has no load
WARNING - synthesis: logical net 'x_counter_23_add_4_8/CO0' has no load
WARNING - synthesis: logical net 'x_counter_23_add_4_6/CO0' has no load
WARNING - synthesis: logical net 'x_counter_23_add_4_4/CO0' has no load
WARNING - synthesis: DRC complete with 25 warnings

Design Results:
     99 blocks expanded
completed the first expansion
